{"C:\\Users\\Michael\\Documents\\React.js\\NotesApp\\notes-app\\src\\App.jsx": {"path":"C:\\Users\\Michael\\Documents\\React.js\\NotesApp\\notes-app\\src\\App.jsx","statementMap":{"0":{"start":{"line":5,"column":2},"end":{"line":9,"column":4}}},"fnMap":{"0":{"name":"App","decl":{"start":{"line":4,"column":9},"end":{"line":4,"column":12}},"loc":{"start":{"line":4,"column":15},"end":{"line":10,"column":1}},"line":4}},"branchMap":{},"s":{"0":2},"f":{"0":2},"b":{},"_coverageSchema":"1a1c01bbd47fc00a2c39e90264f33305004495a9","hash":"839a3a177bdac6036884dfee8a805e372c6c7399"}
,"C:\\Users\\Michael\\Documents\\React.js\\NotesApp\\notes-app\\src\\main.jsx": {"path":"C:\\Users\\Michael\\Documents\\React.js\\NotesApp\\notes-app\\src\\main.jsx","statementMap":{"0":{"start":{"line":7,"column":0},"end":{"line":11,"column":2}}},"fnMap":{},"branchMap":{},"s":{"0":1},"f":{},"b":{},"_coverageSchema":"1a1c01bbd47fc00a2c39e90264f33305004495a9","hash":"111982444475e6f7b48b8cb901f05e4230f6ff83"}
}
