{"C:\\Users\\Michael\\Documents\\React.js\\NotesApp\\notes-app\\src\\App.jsx": {"path":"C:\\Users\\Michael\\Documents\\React.js\\NotesApp\\notes-app\\src\\App.jsx","statementMap":{"0":{"start":{"line":14,"column":2},"end":{"line":33,"column":4}}},"fnMap":{"0":{"name":"App","decl":{"start":{"line":13,"column":9},"end":{"line":13,"column":12}},"loc":{"start":{"line":13,"column":15},"end":{"line":34,"column":1}},"line":13}},"branchMap":{},"s":{"0":56},"f":{"0":56},"b":{},"_coverageSchema":"1a1c01bbd47fc00a2c39e90264f33305004495a9","hash":"1d5b8b5cd0512616d270b78d083b6d25e67c4a8b"}
,"C:\\Users\\Michael\\Documents\\React.js\\NotesApp\\notes-app\\src\\about-app.js": {"path":"C:\\Users\\Michael\\Documents\\React.js\\NotesApp\\notes-app\\src\\about-app.js","statementMap":{"0":{"start":{"line":1,"column":14},"end":{"line":17,"column":1}}},"fnMap":{},"branchMap":{},"s":{"0":28},"f":{},"b":{},"_coverageSchema":"1a1c01bbd47fc00a2c39e90264f33305004495a9","hash":"5a230522d0bfaa0c5378d8a170d1b3076bceb3e8"}
,"C:\\Users\\Michael\\Documents\\React.js\\NotesApp\\notes-app\\src\\main.jsx": {"path":"C:\\Users\\Michael\\Documents\\React.js\\NotesApp\\notes-app\\src\\main.jsx","statementMap":{"0":{"start":{"line":6,"column":0},"end":{"line":10,"column":2}}},"fnMap":{},"branchMap":{},"s":{"0":28},"f":{},"b":{},"_coverageSchema":"1a1c01bbd47fc00a2c39e90264f33305004495a9","hash":"24d5fd9fad5ba3561a2879c3c1743299b270a742"}
,"C:\\Users\\Michael\\Documents\\React.js\\NotesApp\\notes-app\\src\\components\\About.jsx": {"path":"C:\\Users\\Michael\\Documents\\React.js\\NotesApp\\notes-app\\src\\components\\About.jsx","statementMap":{"0":{"start":{"line":8,"column":2},"end":{"line":36,"column":4}}},"fnMap":{"0":{"name":"About","decl":{"start":{"line":7,"column":24},"end":{"line":7,"column":29}},"loc":{"start":{"line":7,"column":32},"end":{"line":37,"column":1}},"line":7}},"branchMap":{},"s":{"0":2},"f":{"0":2},"b":{},"_coverageSchema":"1a1c01bbd47fc00a2c39e90264f33305004495a9","hash":"91afee66653f22d2e028a826e5e7dfefbe1d71da"}
,"C:\\Users\\Michael\\Documents\\React.js\\NotesApp\\notes-app\\src\\components\\CreateGraphicNote.jsx": {"path":"C:\\Users\\Michael\\Documents\\React.js\\NotesApp\\notes-app\\src\\components\\CreateGraphicNote.jsx","statementMap":{"0":{"start":{"line":7,"column":20},"end":{"line":7,"column":32}},"1":{"start":{"line":8,"column":21},"end":{"line":8,"column":33}},"2":{"start":{"line":9,"column":19},"end":{"line":9,"column":27}},"3":{"start":{"line":10,"column":36},"end":{"line":10,"column":51}},"4":{"start":{"line":12,"column":2},"end":{"line":22,"column":9}},"5":{"start":{"line":13,"column":19},"end":{"line":13,"column":36}},"6":{"start":{"line":14,"column":4},"end":{"line":14,"column":23}},"7":{"start":{"line":15,"column":4},"end":{"line":15,"column":24}},"8":{"start":{"line":17,"column":20},"end":{"line":17,"column":43}},"9":{"start":{"line":18,"column":4},"end":{"line":18,"column":30}},"10":{"start":{"line":19,"column":4},"end":{"line":19,"column":34}},"11":{"start":{"line":20,"column":4},"end":{"line":20,"column":26}},"12":{"start":{"line":21,"column":4},"end":{"line":21,"column":33}},"13":{"start":{"line":25,"column":28},"end":{"line":25,"column":33}},"14":{"start":{"line":26,"column":33},"end":{"line":26,"column":44}},"15":{"start":{"line":27,"column":4},"end":{"line":27,"column":35}},"16":{"start":{"line":28,"column":4},"end":{"line":28,"column":48}},"17":{"start":{"line":29,"column":4},"end":{"line":29,"column":23}},"18":{"start":{"line":33,"column":4},"end":{"line":33,"column":35}},"19":{"start":{"line":34,"column":4},"end":{"line":34,"column":24}},"20":{"start":{"line":38,"column":28},"end":{"line":38,"column":33}},"21":{"start":{"line":39,"column":4},"end":{"line":39,"column":27}},"22":{"start":{"line":39,"column":20},"end":{"line":39,"column":27}},"23":{"start":{"line":40,"column":33},"end":{"line":40,"column":44}},"24":{"start":{"line":41,"column":4},"end":{"line":41,"column":48}},"25":{"start":{"line":42,"column":4},"end":{"line":42,"column":32}},"26":{"start":{"line":46,"column":19},"end":{"line":46,"column":36}},"27":{"start":{"line":47,"column":4},"end":{"line":47,"column":68}},"28":{"start":{"line":51,"column":19},"end":{"line":51,"column":36}},"29":{"start":{"line":52,"column":22},"end":{"line":52,"column":51}},"30":{"start":{"line":53,"column":18},"end":{"line":53,"column":40}},"31":{"start":{"line":55,"column":4},"end":{"line":70,"column":5}},"32":{"start":{"line":56,"column":20},"end":{"line":56,"column":49}},"33":{"start":{"line":57,"column":23},"end":{"line":64,"column":8}},"34":{"start":{"line":66,"column":19},"end":{"line":66,"column":40}},"35":{"start":{"line":67,"column":6},"end":{"line":67,"column":24}},"36":{"start":{"line":69,"column":6},"end":{"line":69,"column":31}},"37":{"start":{"line":73,"column":2},"end":{"line":118,"column":4}},"38":{"start":{"line":82,"column":12},"end":{"line":82,"column":50}}},"fnMap":{"0":{"name":"CreateGraphicNote","decl":{"start":{"line":6,"column":24},"end":{"line":6,"column":41}},"loc":{"start":{"line":6,"column":44},"end":{"line":119,"column":1}},"line":6},"1":{"name":"(anonymous_1)","decl":{"start":{"line":12,"column":12},"end":{"line":12,"column":13}},"loc":{"start":{"line":12,"column":18},"end":{"line":22,"column":3}},"line":12},"2":{"name":"startDrawing","decl":{"start":{"line":24,"column":11},"end":{"line":24,"column":23}},"loc":{"start":{"line":24,"column":31},"end":{"line":30,"column":3}},"line":24},"3":{"name":"finishDrawing","decl":{"start":{"line":32,"column":11},"end":{"line":32,"column":24}},"loc":{"start":{"line":32,"column":27},"end":{"line":35,"column":3}},"line":32},"4":{"name":"draw","decl":{"start":{"line":37,"column":11},"end":{"line":37,"column":15}},"loc":{"start":{"line":37,"column":23},"end":{"line":43,"column":3}},"line":37},"5":{"name":"clear","decl":{"start":{"line":45,"column":11},"end":{"line":45,"column":16}},"loc":{"start":{"line":45,"column":19},"end":{"line":48,"column":3}},"line":45},"6":{"name":"save","decl":{"start":{"line":50,"column":17},"end":{"line":50,"column":21}},"loc":{"start":{"line":50,"column":24},"end":{"line":71,"column":3}},"line":50},"7":{"name":"(anonymous_7)","decl":{"start":{"line":81,"column":19},"end":{"line":81,"column":20}},"loc":{"start":{"line":81,"column":25},"end":{"line":83,"column":11}},"line":81}},"branchMap":{"0":{"loc":{"start":{"line":39,"column":4},"end":{"line":39,"column":27}},"type":"if","locations":[{"start":{"line":39,"column":4},"end":{"line":39,"column":27}},{"start":{},"end":{}}],"line":39}},"s":{"0":18,"1":18,"2":18,"3":18,"4":18,"5":6,"6":6,"7":6,"8":6,"9":6,"10":6,"11":6,"12":6,"13":3,"14":3,"15":3,"16":3,"17":3,"18":3,"19":3,"20":3,"21":3,"22":0,"23":3,"24":3,"25":3,"26":1,"27":1,"28":1,"29":1,"30":1,"31":1,"32":1,"33":1,"34":1,"35":1,"36":0,"37":18,"38":0},"f":{"0":18,"1":6,"2":3,"3":3,"4":3,"5":1,"6":1,"7":0},"b":{"0":[0,3]},"_coverageSchema":"1a1c01bbd47fc00a2c39e90264f33305004495a9","hash":"7c8a24ff7bb88f053c9a8e2064cea016cbdd8ce4"}
,"C:\\Users\\Michael\\Documents\\React.js\\NotesApp\\notes-app\\src\\components\\CreateNote.jsx": {"path":"C:\\Users\\Michael\\Documents\\React.js\\NotesApp\\notes-app\\src\\components\\CreateNote.jsx","statementMap":{"0":{"start":{"line":8,"column":28},"end":{"line":8,"column":40}},"1":{"start":{"line":9,"column":32},"end":{"line":9,"column":44}},"2":{"start":{"line":12,"column":4},"end":{"line":12,"column":27}},"3":{"start":{"line":14,"column":4},"end":{"line":36,"column":5}},"4":{"start":{"line":15,"column":20},"end":{"line":15,"column":49}},"5":{"start":{"line":16,"column":6},"end":{"line":16,"column":25}},"6":{"start":{"line":17,"column":23},"end":{"line":24,"column":8}},"7":{"start":{"line":26,"column":6},"end":{"line":28,"column":7}},"8":{"start":{"line":27,"column":8},"end":{"line":27,"column":48}},"9":{"start":{"line":30,"column":19},"end":{"line":30,"column":40}},"10":{"start":{"line":31,"column":6},"end":{"line":31,"column":24}},"11":{"start":{"line":32,"column":6},"end":{"line":32,"column":19}},"12":{"start":{"line":33,"column":6},"end":{"line":33,"column":21}},"13":{"start":{"line":35,"column":6},"end":{"line":35,"column":31}},"14":{"start":{"line":39,"column":2},"end":{"line":85,"column":4}},"15":{"start":{"line":48,"column":10},"end":{"line":48,"column":56}},"16":{"start":{"line":60,"column":29},"end":{"line":60,"column":53}},"17":{"start":{"line":77,"column":29},"end":{"line":77,"column":55}}},"fnMap":{"0":{"name":"CreateNote","decl":{"start":{"line":7,"column":24},"end":{"line":7,"column":34}},"loc":{"start":{"line":7,"column":37},"end":{"line":86,"column":1}},"line":7},"1":{"name":"handleSubmit","decl":{"start":{"line":11,"column":17},"end":{"line":11,"column":29}},"loc":{"start":{"line":11,"column":37},"end":{"line":37,"column":3}},"line":11},"2":{"name":"(anonymous_2)","decl":{"start":{"line":47,"column":17},"end":{"line":47,"column":18}},"loc":{"start":{"line":47,"column":23},"end":{"line":49,"column":9}},"line":47},"3":{"name":"(anonymous_3)","decl":{"start":{"line":60,"column":22},"end":{"line":60,"column":23}},"loc":{"start":{"line":60,"column":29},"end":{"line":60,"column":53}},"line":60},"4":{"name":"(anonymous_4)","decl":{"start":{"line":77,"column":22},"end":{"line":77,"column":23}},"loc":{"start":{"line":77,"column":29},"end":{"line":77,"column":55}},"line":77}},"branchMap":{"0":{"loc":{"start":{"line":26,"column":6},"end":{"line":28,"column":7}},"type":"if","locations":[{"start":{"line":26,"column":6},"end":{"line":28,"column":7}},{"start":{},"end":{}}],"line":26}},"s":{"0":182,"1":182,"2":2,"3":2,"4":2,"5":2,"6":2,"7":2,"8":1,"9":1,"10":1,"11":1,"12":1,"13":1,"14":182,"15":0,"16":30,"17":56},"f":{"0":182,"1":2,"2":0,"3":30,"4":56},"b":{"0":[1,1]},"_coverageSchema":"1a1c01bbd47fc00a2c39e90264f33305004495a9","hash":"42a7db90f51d4c87f90b11313561786d31e5edcf"}
,"C:\\Users\\Michael\\Documents\\React.js\\NotesApp\\notes-app\\src\\components\\Error.jsx": {"path":"C:\\Users\\Michael\\Documents\\React.js\\NotesApp\\notes-app\\src\\components\\Error.jsx","statementMap":{"0":{"start":{"line":3,"column":2},"end":{"line":13,"column":4}}},"fnMap":{"0":{"name":"Error","decl":{"start":{"line":2,"column":24},"end":{"line":2,"column":29}},"loc":{"start":{"line":2,"column":32},"end":{"line":14,"column":1}},"line":2}},"branchMap":{},"s":{"0":2},"f":{"0":2},"b":{},"_coverageSchema":"1a1c01bbd47fc00a2c39e90264f33305004495a9","hash":"e8cc3800eb396e6ad2a424be8af5fa8d53dbbd02"}
,"C:\\Users\\Michael\\Documents\\React.js\\NotesApp\\notes-app\\src\\components\\Footer.jsx": {"path":"C:\\Users\\Michael\\Documents\\React.js\\NotesApp\\notes-app\\src\\components\\Footer.jsx","statementMap":{"0":{"start":{"line":4,"column":2},"end":{"line":23,"column":4}},"1":{"start":{"line":26,"column":0},"end":{"line":29,"column":2}}},"fnMap":{"0":{"name":"Footer","decl":{"start":{"line":3,"column":24},"end":{"line":3,"column":30}},"loc":{"start":{"line":3,"column":38},"end":{"line":24,"column":1}},"line":3}},"branchMap":{},"s":{"0":20,"1":28},"f":{"0":20},"b":{},"_coverageSchema":"1a1c01bbd47fc00a2c39e90264f33305004495a9","hash":"e07ca89d0cc0cd0e1af97045950431fa1564b187"}
,"C:\\Users\\Michael\\Documents\\React.js\\NotesApp\\notes-app\\src\\components\\Header.jsx": {"path":"C:\\Users\\Michael\\Documents\\React.js\\NotesApp\\notes-app\\src\\components\\Header.jsx","statementMap":{"0":{"start":{"line":4,"column":2},"end":{"line":25,"column":4}},"1":{"start":{"line":28,"column":0},"end":{"line":31,"column":2}}},"fnMap":{"0":{"name":"Header","decl":{"start":{"line":3,"column":24},"end":{"line":3,"column":30}},"loc":{"start":{"line":3,"column":38},"end":{"line":26,"column":1}},"line":3}},"branchMap":{},"s":{"0":20,"1":28},"f":{"0":20},"b":{},"_coverageSchema":"1a1c01bbd47fc00a2c39e90264f33305004495a9","hash":"63b8f51027c66ca4a560e1dfba6bc36b73929afa"}
,"C:\\Users\\Michael\\Documents\\React.js\\NotesApp\\notes-app\\src\\components\\Login.jsx": {"path":"C:\\Users\\Michael\\Documents\\React.js\\NotesApp\\notes-app\\src\\components\\Login.jsx","statementMap":{"0":{"start":{"line":6,"column":28},"end":{"line":6,"column":42}},"1":{"start":{"line":9,"column":4},"end":{"line":9,"column":27}},"2":{"start":{"line":11,"column":18},"end":{"line":11,"column":39}},"3":{"start":{"line":12,"column":21},"end":{"line":12,"column":42}},"4":{"start":{"line":14,"column":4},"end":{"line":36,"column":5}},"5":{"start":{"line":15,"column":23},"end":{"line":24,"column":8}},"6":{"start":{"line":26,"column":6},"end":{"line":28,"column":7}},"7":{"start":{"line":27,"column":8},"end":{"line":27,"column":49}},"8":{"start":{"line":30,"column":19},"end":{"line":30,"column":40}},"9":{"start":{"line":31,"column":6},"end":{"line":31,"column":48}},"10":{"start":{"line":33,"column":6},"end":{"line":33,"column":41}},"11":{"start":{"line":35,"column":6},"end":{"line":35,"column":30}},"12":{"start":{"line":38,"column":4},"end":{"line":38,"column":34}},"13":{"start":{"line":38,"column":15},"end":{"line":38,"column":34}},"14":{"start":{"line":41,"column":2},"end":{"line":70,"column":4}}},"fnMap":{"0":{"name":"Login","decl":{"start":{"line":5,"column":24},"end":{"line":5,"column":29}},"loc":{"start":{"line":5,"column":32},"end":{"line":71,"column":1}},"line":5},"1":{"name":"submitHandler","decl":{"start":{"line":8,"column":17},"end":{"line":8,"column":30}},"loc":{"start":{"line":8,"column":38},"end":{"line":39,"column":3}},"line":8}},"branchMap":{"0":{"loc":{"start":{"line":26,"column":6},"end":{"line":28,"column":7}},"type":"if","locations":[{"start":{"line":26,"column":6},"end":{"line":28,"column":7}},{"start":{},"end":{}}],"line":26},"1":{"loc":{"start":{"line":38,"column":4},"end":{"line":38,"column":34}},"type":"if","locations":[{"start":{"line":38,"column":4},"end":{"line":38,"column":34}},{"start":{},"end":{}}],"line":38},"2":{"loc":{"start":{"line":67,"column":9},"end":{"line":67,"column":64}},"type":"binary-expr","locations":[{"start":{"line":67,"column":9},"end":{"line":67,"column":14}},{"start":{"line":67,"column":18},"end":{"line":67,"column":64}}],"line":67}},"s":{"0":10,"1":2,"2":2,"3":2,"4":2,"5":2,"6":2,"7":1,"8":1,"9":1,"10":1,"11":1,"12":2,"13":0,"14":10},"f":{"0":10,"1":2},"b":{"0":[1,1],"1":[0,2],"2":[10,2]},"_coverageSchema":"1a1c01bbd47fc00a2c39e90264f33305004495a9","hash":"b9decaa364a5ffbf074847c5df742ef993b6e27a"}
,"C:\\Users\\Michael\\Documents\\React.js\\NotesApp\\notes-app\\src\\components\\MyNotes.jsx": {"path":"C:\\Users\\Michael\\Documents\\React.js\\NotesApp\\notes-app\\src\\components\\MyNotes.jsx","statementMap":{"0":{"start":{"line":7,"column":28},"end":{"line":7,"column":40}},"1":{"start":{"line":8,"column":40},"end":{"line":8,"column":52}},"2":{"start":{"line":9,"column":19},"end":{"line":9,"column":27}},"3":{"start":{"line":11,"column":2},"end":{"line":33,"column":9}},"4":{"start":{"line":13,"column":6},"end":{"line":29,"column":7}},"5":{"start":{"line":14,"column":22},"end":{"line":14,"column":51}},"6":{"start":{"line":15,"column":25},"end":{"line":21,"column":10}},"7":{"start":{"line":23,"column":21},"end":{"line":23,"column":42}},"8":{"start":{"line":24,"column":8},"end":{"line":24,"column":26}},"9":{"start":{"line":25,"column":8},"end":{"line":25,"column":23}},"10":{"start":{"line":26,"column":8},"end":{"line":26,"column":29}},"11":{"start":{"line":28,"column":8},"end":{"line":28,"column":33}},"12":{"start":{"line":32,"column":4},"end":{"line":32,"column":17}},"13":{"start":{"line":36,"column":4},"end":{"line":43,"column":5}},"14":{"start":{"line":36,"column":39},"end":{"line":36,"column":61}},"15":{"start":{"line":38,"column":6},"end":{"line":42,"column":8}},"16":{"start":{"line":40,"column":10},"end":{"line":40,"column":53}},"17":{"start":{"line":47,"column":4},"end":{"line":47,"column":32}},"18":{"start":{"line":48,"column":4},"end":{"line":48,"column":26}},"19":{"start":{"line":52,"column":21},"end":{"line":54,"column":28}},"20":{"start":{"line":55,"column":4},"end":{"line":55,"column":36}},"21":{"start":{"line":59,"column":18},"end":{"line":59,"column":47}},"22":{"start":{"line":61,"column":4},"end":{"line":74,"column":5}},"23":{"start":{"line":62,"column":23},"end":{"line":68,"column":8}},"24":{"start":{"line":70,"column":6},"end":{"line":70,"column":28}},"25":{"start":{"line":71,"column":6},"end":{"line":71,"column":31}},"26":{"start":{"line":73,"column":6},"end":{"line":73,"column":31}},"27":{"start":{"line":77,"column":2},"end":{"line":165,"column":4}},"28":{"start":{"line":99,"column":12},"end":{"line":151,"column":18}},"29":{"start":{"line":139,"column":33},"end":{"line":139,"column":67}},"30":{"start":{"line":145,"column":33},"end":{"line":145,"column":53}}},"fnMap":{"0":{"name":"MyNotes","decl":{"start":{"line":6,"column":24},"end":{"line":6,"column":31}},"loc":{"start":{"line":6,"column":34},"end":{"line":166,"column":1}},"line":6},"1":{"name":"(anonymous_1)","decl":{"start":{"line":11,"column":12},"end":{"line":11,"column":13}},"loc":{"start":{"line":11,"column":18},"end":{"line":33,"column":3}},"line":11},"2":{"name":"fetchNotes","decl":{"start":{"line":12,"column":19},"end":{"line":12,"column":29}},"loc":{"start":{"line":12,"column":32},"end":{"line":30,"column":5}},"line":12},"3":{"name":"search","decl":{"start":{"line":35,"column":11},"end":{"line":35,"column":17}},"loc":{"start":{"line":35,"column":20},"end":{"line":44,"column":3}},"line":35},"4":{"name":"(anonymous_4)","decl":{"start":{"line":39,"column":27},"end":{"line":39,"column":28}},"loc":{"start":{"line":40,"column":10},"end":{"line":40,"column":53}},"line":40},"5":{"name":"clear","decl":{"start":{"line":46,"column":11},"end":{"line":46,"column":16}},"loc":{"start":{"line":46,"column":19},"end":{"line":49,"column":3}},"line":46},"6":{"name":"updateNote","decl":{"start":{"line":51,"column":11},"end":{"line":51,"column":21}},"loc":{"start":{"line":51,"column":37},"end":{"line":56,"column":3}},"line":51},"7":{"name":"deleteNote","decl":{"start":{"line":58,"column":17},"end":{"line":58,"column":27}},"loc":{"start":{"line":58,"column":32},"end":{"line":75,"column":3}},"line":58},"8":{"name":"(anonymous_8)","decl":{"start":{"line":98,"column":20},"end":{"line":98,"column":21}},"loc":{"start":{"line":99,"column":12},"end":{"line":151,"column":18}},"line":99},"9":{"name":"(anonymous_9)","decl":{"start":{"line":139,"column":27},"end":{"line":139,"column":28}},"loc":{"start":{"line":139,"column":33},"end":{"line":139,"column":67}},"line":139},"10":{"name":"(anonymous_10)","decl":{"start":{"line":145,"column":27},"end":{"line":145,"column":28}},"loc":{"start":{"line":145,"column":33},"end":{"line":145,"column":53}},"line":145}},"branchMap":{"0":{"loc":{"start":{"line":36,"column":4},"end":{"line":43,"column":5}},"type":"if","locations":[{"start":{"line":36,"column":4},"end":{"line":43,"column":5}},{"start":{"line":37,"column":9},"end":{"line":43,"column":5}}],"line":36},"1":{"loc":{"start":{"line":52,"column":21},"end":{"line":54,"column":28}},"type":"cond-expr","locations":[{"start":{"line":53,"column":8},"end":{"line":53,"column":36}},{"start":{"line":54,"column":8},"end":{"line":54,"column":28}}],"line":52},"2":{"loc":{"start":{"line":97,"column":9},"end":{"line":162,"column":9}},"type":"cond-expr","locations":[{"start":{"line":98,"column":10},"end":{"line":152,"column":12}},{"start":{"line":154,"column":10},"end":{"line":161,"column":14}}],"line":97},"3":{"loc":{"start":{"line":101,"column":17},"end":{"line":110,"column":17}},"type":"binary-expr","locations":[{"start":{"line":101,"column":17},"end":{"line":101,"column":27}},{"start":{"line":102,"column":18},"end":{"line":109,"column":25}}],"line":101},"4":{"loc":{"start":{"line":114,"column":15},"end":{"line":124,"column":15}},"type":"binary-expr","locations":[{"start":{"line":114,"column":15},"end":{"line":114,"column":27}},{"start":{"line":115,"column":16},"end":{"line":123,"column":20}}],"line":114},"5":{"loc":{"start":{"line":125,"column":15},"end":{"line":133,"column":15}},"type":"binary-expr","locations":[{"start":{"line":125,"column":15},"end":{"line":125,"column":25}},{"start":{"line":126,"column":16},"end":{"line":132,"column":18}}],"line":125},"6":{"loc":{"start":{"line":135,"column":17},"end":{"line":137,"column":17}},"type":"binary-expr","locations":[{"start":{"line":135,"column":17},"end":{"line":135,"column":31}},{"start":{"line":136,"column":18},"end":{"line":136,"column":74}}],"line":135}},"s":{"0":120,"1":120,"2":120,"3":120,"4":20,"5":20,"6":20,"7":16,"8":15,"9":15,"10":15,"11":0,"12":20,"13":34,"14":0,"15":34,"16":68,"17":1,"18":1,"19":2,"20":2,"21":1,"22":1,"23":1,"24":1,"25":1,"26":0,"27":120,"28":128,"29":2,"30":1},"f":{"0":120,"1":20,"2":20,"3":34,"4":68,"5":1,"6":2,"7":1,"8":128,"9":2,"10":1},"b":{"0":[0,34],"1":[1,1],"2":[98,22],"3":[128,128],"4":[128,30],"5":[128,98],"6":[128,128]},"_coverageSchema":"1a1c01bbd47fc00a2c39e90264f33305004495a9","hash":"efcf40820c869a03014c214cb1eb59dc6acb2590"}
,"C:\\Users\\Michael\\Documents\\React.js\\NotesApp\\notes-app\\src\\components\\Profile.jsx": {"path":"C:\\Users\\Michael\\Documents\\React.js\\NotesApp\\notes-app\\src\\components\\Profile.jsx","statementMap":{"0":{"start":{"line":6,"column":26},"end":{"line":6,"column":38}},"1":{"start":{"line":8,"column":2},"end":{"line":28,"column":9}},"2":{"start":{"line":9,"column":18},"end":{"line":9,"column":47}},"3":{"start":{"line":11,"column":6},"end":{"line":24,"column":7}},"4":{"start":{"line":12,"column":25},"end":{"line":18,"column":10}},"5":{"start":{"line":20,"column":21},"end":{"line":20,"column":42}},"6":{"start":{"line":21,"column":8},"end":{"line":21,"column":22}},"7":{"start":{"line":23,"column":8},"end":{"line":23,"column":33}},"8":{"start":{"line":27,"column":4},"end":{"line":27,"column":16}},"9":{"start":{"line":31,"column":4},"end":{"line":31,"column":37}},"10":{"start":{"line":32,"column":4},"end":{"line":32,"column":31}},"11":{"start":{"line":35,"column":2},"end":{"line":62,"column":4}},"12":{"start":{"line":65,"column":0},"end":{"line":67,"column":2}}},"fnMap":{"0":{"name":"Profile","decl":{"start":{"line":5,"column":24},"end":{"line":5,"column":31}},"loc":{"start":{"line":5,"column":47},"end":{"line":63,"column":1}},"line":5},"1":{"name":"(anonymous_1)","decl":{"start":{"line":8,"column":12},"end":{"line":8,"column":13}},"loc":{"start":{"line":8,"column":18},"end":{"line":28,"column":3}},"line":8},"2":{"name":"fetchUser","decl":{"start":{"line":10,"column":19},"end":{"line":10,"column":28}},"loc":{"start":{"line":10,"column":31},"end":{"line":25,"column":5}},"line":10},"3":{"name":"exit","decl":{"start":{"line":30,"column":11},"end":{"line":30,"column":15}},"loc":{"start":{"line":30,"column":18},"end":{"line":33,"column":3}},"line":30}},"branchMap":{"0":{"loc":{"start":{"line":39,"column":26},"end":{"line":39,"column":54}},"type":"cond-expr","locations":[{"start":{"line":39,"column":38},"end":{"line":39,"column":45}},{"start":{"line":39,"column":48},"end":{"line":39,"column":54}}],"line":39}},"s":{"0":364,"1":364,"2":40,"3":40,"4":40,"5":32,"6":28,"7":0,"8":40,"9":0,"10":0,"11":364,"12":28},"f":{"0":364,"1":40,"2":40,"3":0},"b":{"0":[0,364]},"_coverageSchema":"1a1c01bbd47fc00a2c39e90264f33305004495a9","hash":"c13afe3341e8c9a82c1c6a4cce9c96bce8e3c585"}
,"C:\\Users\\Michael\\Documents\\React.js\\NotesApp\\notes-app\\src\\components\\SideBar.jsx": {"path":"C:\\Users\\Michael\\Documents\\React.js\\NotesApp\\notes-app\\src\\components\\SideBar.jsx","statementMap":{"0":{"start":{"line":4,"column":2},"end":{"line":24,"column":4}}},"fnMap":{"0":{"name":"SideBar","decl":{"start":{"line":3,"column":24},"end":{"line":3,"column":31}},"loc":{"start":{"line":3,"column":34},"end":{"line":25,"column":1}},"line":3}},"branchMap":{},"s":{"0":326},"f":{"0":326},"b":{},"_coverageSchema":"1a1c01bbd47fc00a2c39e90264f33305004495a9","hash":"8c0e79ac5ad29b4bda9f38c9c8136b725ec2b127"}
,"C:\\Users\\Michael\\Documents\\React.js\\NotesApp\\notes-app\\src\\components\\Signup.jsx": {"path":"C:\\Users\\Michael\\Documents\\React.js\\NotesApp\\notes-app\\src\\components\\Signup.jsx","statementMap":{"0":{"start":{"line":6,"column":28},"end":{"line":6,"column":42}},"1":{"start":{"line":7,"column":32},"end":{"line":7,"column":46}},"2":{"start":{"line":10,"column":4},"end":{"line":10,"column":27}},"3":{"start":{"line":11,"column":4},"end":{"line":11,"column":23}},"4":{"start":{"line":13,"column":21},"end":{"line":13,"column":42}},"5":{"start":{"line":14,"column":18},"end":{"line":14,"column":39}},"6":{"start":{"line":15,"column":21},"end":{"line":15,"column":42}},"7":{"start":{"line":17,"column":4},"end":{"line":42,"column":5}},"8":{"start":{"line":18,"column":23},"end":{"line":28,"column":8}},"9":{"start":{"line":30,"column":6},"end":{"line":32,"column":7}},"10":{"start":{"line":31,"column":8},"end":{"line":31,"column":48}},"11":{"start":{"line":34,"column":19},"end":{"line":34,"column":40}},"12":{"start":{"line":35,"column":6},"end":{"line":35,"column":24}},"13":{"start":{"line":36,"column":6},"end":{"line":36,"column":21}},"14":{"start":{"line":37,"column":6},"end":{"line":37,"column":45}},"15":{"start":{"line":38,"column":6},"end":{"line":38,"column":33}},"16":{"start":{"line":40,"column":6},"end":{"line":40,"column":30}},"17":{"start":{"line":41,"column":6},"end":{"line":41,"column":23}},"18":{"start":{"line":44,"column":4},"end":{"line":44,"column":34}},"19":{"start":{"line":44,"column":15},"end":{"line":44,"column":34}},"20":{"start":{"line":45,"column":4},"end":{"line":45,"column":38}},"21":{"start":{"line":45,"column":17},"end":{"line":45,"column":38}},"22":{"start":{"line":48,"column":2},"end":{"line":85,"column":4}}},"fnMap":{"0":{"name":"Signup","decl":{"start":{"line":5,"column":24},"end":{"line":5,"column":30}},"loc":{"start":{"line":5,"column":33},"end":{"line":86,"column":1}},"line":5},"1":{"name":"submitHandler","decl":{"start":{"line":9,"column":17},"end":{"line":9,"column":30}},"loc":{"start":{"line":9,"column":38},"end":{"line":46,"column":3}},"line":9}},"branchMap":{"0":{"loc":{"start":{"line":30,"column":6},"end":{"line":32,"column":7}},"type":"if","locations":[{"start":{"line":30,"column":6},"end":{"line":32,"column":7}},{"start":{},"end":{}}],"line":30},"1":{"loc":{"start":{"line":44,"column":4},"end":{"line":44,"column":34}},"type":"if","locations":[{"start":{"line":44,"column":4},"end":{"line":44,"column":34}},{"start":{},"end":{}}],"line":44},"2":{"loc":{"start":{"line":45,"column":4},"end":{"line":45,"column":38}},"type":"if","locations":[{"start":{"line":45,"column":4},"end":{"line":45,"column":38}},{"start":{},"end":{}}],"line":45},"3":{"loc":{"start":{"line":82,"column":9},"end":{"line":82,"column":64}},"type":"binary-expr","locations":[{"start":{"line":82,"column":9},"end":{"line":82,"column":14}},{"start":{"line":82,"column":18},"end":{"line":82,"column":64}}],"line":82}},"s":{"0":10,"1":10,"2":2,"3":2,"4":2,"5":2,"6":2,"7":2,"8":2,"9":2,"10":1,"11":1,"12":1,"13":1,"14":1,"15":1,"16":1,"17":1,"18":2,"19":0,"20":2,"21":0,"22":10},"f":{"0":10,"1":2},"b":{"0":[1,1],"1":[0,2],"2":[0,2],"3":[10,2]},"_coverageSchema":"1a1c01bbd47fc00a2c39e90264f33305004495a9","hash":"050d98207b2ceaed7a8accc000004c6f815bb8e4"}
,"C:\\Users\\Michael\\Documents\\React.js\\NotesApp\\notes-app\\src\\components\\TopBar.jsx": {"path":"C:\\Users\\Michael\\Documents\\React.js\\NotesApp\\notes-app\\src\\components\\TopBar.jsx","statementMap":{"0":{"start":{"line":6,"column":32},"end":{"line":6,"column":47}},"1":{"start":{"line":9,"column":4},"end":{"line":9,"column":25}},"2":{"start":{"line":12,"column":2},"end":{"line":24,"column":4}}},"fnMap":{"0":{"name":"TopBar","decl":{"start":{"line":5,"column":24},"end":{"line":5,"column":30}},"loc":{"start":{"line":5,"column":33},"end":{"line":25,"column":1}},"line":5},"1":{"name":"overlay","decl":{"start":{"line":8,"column":11},"end":{"line":8,"column":18}},"loc":{"start":{"line":8,"column":21},"end":{"line":10,"column":3}},"line":8}},"branchMap":{},"s":{"0":326,"1":0,"2":326},"f":{"0":326,"1":0},"b":{},"_coverageSchema":"1a1c01bbd47fc00a2c39e90264f33305004495a9","hash":"f8f60e6dea7cbe9b9ba4df1a12e69a389cf4f309"}
,"C:\\Users\\Michael\\Documents\\React.js\\NotesApp\\notes-app\\src\\components\\UpdateGraphicNote.jsx": {"path":"C:\\Users\\Michael\\Documents\\React.js\\NotesApp\\notes-app\\src\\components\\UpdateGraphicNote.jsx","statementMap":{"0":{"start":{"line":7,"column":19},"end":{"line":7,"column":30}},"1":{"start":{"line":9,"column":20},"end":{"line":9,"column":28}},"2":{"start":{"line":10,"column":21},"end":{"line":10,"column":29}},"3":{"start":{"line":12,"column":36},"end":{"line":12,"column":51}},"4":{"start":{"line":13,"column":28},"end":{"line":13,"column":40}},"5":{"start":{"line":15,"column":2},"end":{"line":56,"column":9}},"6":{"start":{"line":16,"column":19},"end":{"line":16,"column":36}},"7":{"start":{"line":17,"column":4},"end":{"line":17,"column":23}},"8":{"start":{"line":18,"column":4},"end":{"line":18,"column":24}},"9":{"start":{"line":19,"column":20},"end":{"line":19,"column":43}},"10":{"start":{"line":20,"column":4},"end":{"line":20,"column":30}},"11":{"start":{"line":21,"column":4},"end":{"line":21,"column":34}},"12":{"start":{"line":22,"column":4},"end":{"line":22,"column":26}},"13":{"start":{"line":23,"column":4},"end":{"line":23,"column":33}},"14":{"start":{"line":26,"column":6},"end":{"line":52,"column":7}},"15":{"start":{"line":27,"column":22},"end":{"line":27,"column":51}},"16":{"start":{"line":29,"column":25},"end":{"line":38,"column":9}},"17":{"start":{"line":40,"column":21},"end":{"line":40,"column":42}},"18":{"start":{"line":41,"column":8},"end":{"line":41,"column":29}},"19":{"start":{"line":43,"column":8},"end":{"line":49,"column":9}},"20":{"start":{"line":44,"column":22},"end":{"line":44,"column":33}},"21":{"start":{"line":45,"column":10},"end":{"line":45,"column":31}},"22":{"start":{"line":46,"column":10},"end":{"line":48,"column":12}},"23":{"start":{"line":47,"column":12},"end":{"line":47,"column":70}},"24":{"start":{"line":51,"column":8},"end":{"line":51,"column":33}},"25":{"start":{"line":55,"column":4},"end":{"line":55,"column":16}},"26":{"start":{"line":59,"column":33},"end":{"line":59,"column":50}},"27":{"start":{"line":60,"column":4},"end":{"line":60,"column":35}},"28":{"start":{"line":61,"column":4},"end":{"line":61,"column":48}},"29":{"start":{"line":62,"column":4},"end":{"line":62,"column":23}},"30":{"start":{"line":66,"column":4},"end":{"line":66,"column":35}},"31":{"start":{"line":67,"column":4},"end":{"line":67,"column":24}},"32":{"start":{"line":71,"column":4},"end":{"line":71,"column":27}},"33":{"start":{"line":71,"column":20},"end":{"line":71,"column":27}},"34":{"start":{"line":72,"column":33},"end":{"line":72,"column":50}},"35":{"start":{"line":73,"column":4},"end":{"line":73,"column":48}},"36":{"start":{"line":74,"column":4},"end":{"line":74,"column":32}},"37":{"start":{"line":78,"column":19},"end":{"line":78,"column":36}},"38":{"start":{"line":79,"column":4},"end":{"line":79,"column":68}},"39":{"start":{"line":83,"column":19},"end":{"line":83,"column":36}},"40":{"start":{"line":84,"column":22},"end":{"line":84,"column":51}},"41":{"start":{"line":86,"column":4},"end":{"line":104,"column":5}},"42":{"start":{"line":87,"column":20},"end":{"line":87,"column":49}},"43":{"start":{"line":88,"column":23},"end":{"line":98,"column":7}},"44":{"start":{"line":100,"column":19},"end":{"line":100,"column":40}},"45":{"start":{"line":101,"column":6},"end":{"line":101,"column":24}},"46":{"start":{"line":103,"column":6},"end":{"line":103,"column":31}},"47":{"start":{"line":107,"column":2},"end":{"line":155,"column":4}},"48":{"start":{"line":127,"column":27},"end":{"line":127,"column":51}}},"fnMap":{"0":{"name":"UpdateGraphicNote","decl":{"start":{"line":6,"column":24},"end":{"line":6,"column":41}},"loc":{"start":{"line":6,"column":44},"end":{"line":156,"column":1}},"line":6},"1":{"name":"(anonymous_1)","decl":{"start":{"line":15,"column":12},"end":{"line":15,"column":13}},"loc":{"start":{"line":15,"column":18},"end":{"line":56,"column":3}},"line":15},"2":{"name":"fetchNote","decl":{"start":{"line":25,"column":19},"end":{"line":25,"column":28}},"loc":{"start":{"line":25,"column":31},"end":{"line":53,"column":5}},"line":25},"3":{"name":"(anonymous_3)","decl":{"start":{"line":46,"column":23},"end":{"line":46,"column":24}},"loc":{"start":{"line":46,"column":29},"end":{"line":48,"column":11}},"line":46},"4":{"name":"startDrawing","decl":{"start":{"line":58,"column":11},"end":{"line":58,"column":23}},"loc":{"start":{"line":58,"column":31},"end":{"line":63,"column":3}},"line":58},"5":{"name":"finishDrawing","decl":{"start":{"line":65,"column":11},"end":{"line":65,"column":24}},"loc":{"start":{"line":65,"column":27},"end":{"line":68,"column":3}},"line":65},"6":{"name":"draw","decl":{"start":{"line":70,"column":11},"end":{"line":70,"column":15}},"loc":{"start":{"line":70,"column":23},"end":{"line":75,"column":3}},"line":70},"7":{"name":"clear","decl":{"start":{"line":77,"column":11},"end":{"line":77,"column":16}},"loc":{"start":{"line":77,"column":19},"end":{"line":80,"column":3}},"line":77},"8":{"name":"save","decl":{"start":{"line":82,"column":17},"end":{"line":82,"column":21}},"loc":{"start":{"line":82,"column":24},"end":{"line":105,"column":3}},"line":82},"9":{"name":"(anonymous_9)","decl":{"start":{"line":127,"column":20},"end":{"line":127,"column":21}},"loc":{"start":{"line":127,"column":27},"end":{"line":127,"column":51}},"line":127}},"branchMap":{"0":{"loc":{"start":{"line":43,"column":8},"end":{"line":49,"column":9}},"type":"if","locations":[{"start":{"line":43,"column":8},"end":{"line":49,"column":9}},{"start":{},"end":{}}],"line":43},"1":{"loc":{"start":{"line":71,"column":4},"end":{"line":71,"column":27}},"type":"if","locations":[{"start":{"line":71,"column":4},"end":{"line":71,"column":27}},{"start":{},"end":{}}],"line":71}},"s":{"0":2,"1":2,"2":2,"3":2,"4":2,"5":2,"6":2,"7":2,"8":2,"9":2,"10":2,"11":2,"12":2,"13":2,"14":2,"15":2,"16":2,"17":0,"18":0,"19":0,"20":0,"21":0,"22":0,"23":0,"24":0,"25":2,"26":0,"27":0,"28":0,"29":0,"30":0,"31":0,"32":0,"33":0,"34":0,"35":0,"36":0,"37":0,"38":0,"39":0,"40":0,"41":0,"42":0,"43":0,"44":0,"45":0,"46":0,"47":2,"48":0},"f":{"0":2,"1":2,"2":2,"3":0,"4":0,"5":0,"6":0,"7":0,"8":0,"9":0},"b":{"0":[0,0],"1":[0,0]},"_coverageSchema":"1a1c01bbd47fc00a2c39e90264f33305004495a9","hash":"9295d564fedb0aad621c2fc586fe0e0c5341a6c0"}
,"C:\\Users\\Michael\\Documents\\React.js\\NotesApp\\notes-app\\src\\components\\UpdateNote.jsx": {"path":"C:\\Users\\Michael\\Documents\\React.js\\NotesApp\\notes-app\\src\\components\\UpdateNote.jsx","statementMap":{"0":{"start":{"line":7,"column":19},"end":{"line":7,"column":30}},"1":{"start":{"line":8,"column":28},"end":{"line":8,"column":40}},"2":{"start":{"line":9,"column":32},"end":{"line":9,"column":44}},"3":{"start":{"line":10,"column":32},"end":{"line":10,"column":44}},"4":{"start":{"line":12,"column":2},"end":{"line":39,"column":9}},"5":{"start":{"line":14,"column":20},"end":{"line":14,"column":49}},"6":{"start":{"line":16,"column":6},"end":{"line":35,"column":7}},"7":{"start":{"line":17,"column":25},"end":{"line":26,"column":9}},"8":{"start":{"line":28,"column":21},"end":{"line":28,"column":42}},"9":{"start":{"line":29,"column":8},"end":{"line":29,"column":26}},"10":{"start":{"line":30,"column":8},"end":{"line":30,"column":25}},"11":{"start":{"line":31,"column":8},"end":{"line":31,"column":29}},"12":{"start":{"line":32,"column":8},"end":{"line":32,"column":33}},"13":{"start":{"line":34,"column":8},"end":{"line":34,"column":33}},"14":{"start":{"line":38,"column":4},"end":{"line":38,"column":14}},"15":{"start":{"line":42,"column":4},"end":{"line":42,"column":27}},"16":{"start":{"line":44,"column":4},"end":{"line":68,"column":5}},"17":{"start":{"line":45,"column":20},"end":{"line":45,"column":49}},"18":{"start":{"line":46,"column":23},"end":{"line":56,"column":7}},"19":{"start":{"line":58,"column":6},"end":{"line":60,"column":7}},"20":{"start":{"line":59,"column":8},"end":{"line":59,"column":48}},"21":{"start":{"line":62,"column":19},"end":{"line":62,"column":40}},"22":{"start":{"line":63,"column":6},"end":{"line":63,"column":24}},"23":{"start":{"line":64,"column":6},"end":{"line":64,"column":19}},"24":{"start":{"line":65,"column":6},"end":{"line":65,"column":21}},"25":{"start":{"line":67,"column":6},"end":{"line":67,"column":31}},"26":{"start":{"line":71,"column":2},"end":{"line":116,"column":4}},"27":{"start":{"line":91,"column":29},"end":{"line":91,"column":53}},"28":{"start":{"line":108,"column":29},"end":{"line":108,"column":55}}},"fnMap":{"0":{"name":"UpdateNote","decl":{"start":{"line":6,"column":24},"end":{"line":6,"column":34}},"loc":{"start":{"line":6,"column":37},"end":{"line":117,"column":1}},"line":6},"1":{"name":"(anonymous_1)","decl":{"start":{"line":12,"column":12},"end":{"line":12,"column":13}},"loc":{"start":{"line":12,"column":18},"end":{"line":39,"column":3}},"line":12},"2":{"name":"getNote","decl":{"start":{"line":13,"column":19},"end":{"line":13,"column":26}},"loc":{"start":{"line":13,"column":29},"end":{"line":36,"column":5}},"line":13},"3":{"name":"handleSubmit","decl":{"start":{"line":41,"column":17},"end":{"line":41,"column":29}},"loc":{"start":{"line":41,"column":37},"end":{"line":69,"column":3}},"line":41},"4":{"name":"(anonymous_4)","decl":{"start":{"line":91,"column":22},"end":{"line":91,"column":23}},"loc":{"start":{"line":91,"column":29},"end":{"line":91,"column":53}},"line":91},"5":{"name":"(anonymous_5)","decl":{"start":{"line":108,"column":22},"end":{"line":108,"column":23}},"loc":{"start":{"line":108,"column":29},"end":{"line":108,"column":55}},"line":108}},"branchMap":{"0":{"loc":{"start":{"line":58,"column":6},"end":{"line":60,"column":7}},"type":"if","locations":[{"start":{"line":58,"column":6},"end":{"line":60,"column":7}},{"start":{},"end":{}}],"line":58}},"s":{"0":2,"1":2,"2":2,"3":2,"4":2,"5":2,"6":2,"7":2,"8":0,"9":0,"10":0,"11":0,"12":0,"13":0,"14":2,"15":0,"16":0,"17":0,"18":0,"19":0,"20":0,"21":0,"22":0,"23":0,"24":0,"25":0,"26":2,"27":0,"28":0},"f":{"0":2,"1":2,"2":2,"3":0,"4":0,"5":0},"b":{"0":[0,0]},"_coverageSchema":"1a1c01bbd47fc00a2c39e90264f33305004495a9","hash":"0e993f55b20f9a518ef38fad115d8f43f06174e3"}
}
