{"total": {"lines":{"total":224,"covered":167,"skipped":0,"pct":74.55},"statements":{"total":230,"covered":167,"skipped":0,"pct":72.6},"functions":{"total":56,"covered":42,"skipped":0,"pct":75},"branches":{"total":40,"covered":28,"skipped":0,"pct":70},"branchesTrue":{"total":0,"covered":0,"skipped":0,"pct":100}}
,"C:\\Users\\Michael\\Documents\\React.js\\NotesApp\\notes-app\\src\\App.jsx": {"lines":{"total":1,"covered":1,"skipped":0,"pct":100},"functions":{"total":1,"covered":1,"skipped":0,"pct":100},"statements":{"total":1,"covered":1,"skipped":0,"pct":100},"branches":{"total":0,"covered":0,"skipped":0,"pct":100}}
,"C:\\Users\\Michael\\Documents\\React.js\\NotesApp\\notes-app\\src\\about-app.js": {"lines":{"total":1,"covered":1,"skipped":0,"pct":100},"functions":{"total":0,"covered":0,"skipped":0,"pct":100},"statements":{"total":1,"covered":1,"skipped":0,"pct":100},"branches":{"total":0,"covered":0,"skipped":0,"pct":100}}
,"C:\\Users\\Michael\\Documents\\React.js\\NotesApp\\notes-app\\src\\main.jsx": {"lines":{"total":1,"covered":1,"skipped":0,"pct":100},"functions":{"total":0,"covered":0,"skipped":0,"pct":100},"statements":{"total":1,"covered":1,"skipped":0,"pct":100},"branches":{"total":0,"covered":0,"skipped":0,"pct":100}}
,"C:\\Users\\Michael\\Documents\\React.js\\NotesApp\\notes-app\\src\\components\\About.jsx": {"lines":{"total":1,"covered":1,"skipped":0,"pct":100},"functions":{"total":1,"covered":1,"skipped":0,"pct":100},"statements":{"total":1,"covered":1,"skipped":0,"pct":100},"branches":{"total":0,"covered":0,"skipped":0,"pct":100}}
,"C:\\Users\\Michael\\Documents\\React.js\\NotesApp\\notes-app\\src\\components\\CreateGraphicNote.jsx": {"lines":{"total":38,"covered":36,"skipped":0,"pct":94.73},"functions":{"total":8,"covered":7,"skipped":0,"pct":87.5},"statements":{"total":39,"covered":36,"skipped":0,"pct":92.3},"branches":{"total":2,"covered":1,"skipped":0,"pct":50}}
,"C:\\Users\\Michael\\Documents\\React.js\\NotesApp\\notes-app\\src\\components\\CreateNote.jsx": {"lines":{"total":18,"covered":17,"skipped":0,"pct":94.44},"functions":{"total":5,"covered":4,"skipped":0,"pct":80},"statements":{"total":18,"covered":17,"skipped":0,"pct":94.44},"branches":{"total":2,"covered":2,"skipped":0,"pct":100}}
,"C:\\Users\\Michael\\Documents\\React.js\\NotesApp\\notes-app\\src\\components\\Error.jsx": {"lines":{"total":1,"covered":1,"skipped":0,"pct":100},"functions":{"total":1,"covered":1,"skipped":0,"pct":100},"statements":{"total":1,"covered":1,"skipped":0,"pct":100},"branches":{"total":0,"covered":0,"skipped":0,"pct":100}}
,"C:\\Users\\Michael\\Documents\\React.js\\NotesApp\\notes-app\\src\\components\\Footer.jsx": {"lines":{"total":2,"covered":2,"skipped":0,"pct":100},"functions":{"total":1,"covered":1,"skipped":0,"pct":100},"statements":{"total":2,"covered":2,"skipped":0,"pct":100},"branches":{"total":0,"covered":0,"skipped":0,"pct":100}}
,"C:\\Users\\Michael\\Documents\\React.js\\NotesApp\\notes-app\\src\\components\\Header.jsx": {"lines":{"total":2,"covered":2,"skipped":0,"pct":100},"functions":{"total":1,"covered":1,"skipped":0,"pct":100},"statements":{"total":2,"covered":2,"skipped":0,"pct":100},"branches":{"total":0,"covered":0,"skipped":0,"pct":100}}
,"C:\\Users\\Michael\\Documents\\React.js\\NotesApp\\notes-app\\src\\components\\Login.jsx": {"lines":{"total":14,"covered":14,"skipped":0,"pct":100},"functions":{"total":2,"covered":2,"skipped":0,"pct":100},"statements":{"total":15,"covered":14,"skipped":0,"pct":93.33},"branches":{"total":6,"covered":5,"skipped":0,"pct":83.33}}
,"C:\\Users\\Michael\\Documents\\React.js\\NotesApp\\notes-app\\src\\components\\MyNotes.jsx": {"lines":{"total":30,"covered":28,"skipped":0,"pct":93.33},"functions":{"total":11,"covered":11,"skipped":0,"pct":100},"statements":{"total":31,"covered":28,"skipped":0,"pct":90.32},"branches":{"total":14,"covered":13,"skipped":0,"pct":92.85}}
,"C:\\Users\\Michael\\Documents\\React.js\\NotesApp\\notes-app\\src\\components\\Profile.jsx": {"lines":{"total":13,"covered":10,"skipped":0,"pct":76.92},"functions":{"total":4,"covered":3,"skipped":0,"pct":75},"statements":{"total":13,"covered":10,"skipped":0,"pct":76.92},"branches":{"total":2,"covered":1,"skipped":0,"pct":50}}
,"C:\\Users\\Michael\\Documents\\React.js\\NotesApp\\notes-app\\src\\components\\SideBar.jsx": {"lines":{"total":1,"covered":1,"skipped":0,"pct":100},"functions":{"total":1,"covered":1,"skipped":0,"pct":100},"statements":{"total":1,"covered":1,"skipped":0,"pct":100},"branches":{"total":0,"covered":0,"skipped":0,"pct":100}}
,"C:\\Users\\Michael\\Documents\\React.js\\NotesApp\\notes-app\\src\\components\\Signup.jsx": {"lines":{"total":21,"covered":21,"skipped":0,"pct":100},"functions":{"total":2,"covered":2,"skipped":0,"pct":100},"statements":{"total":23,"covered":21,"skipped":0,"pct":91.3},"branches":{"total":8,"covered":6,"skipped":0,"pct":75}}
,"C:\\Users\\Michael\\Documents\\React.js\\NotesApp\\notes-app\\src\\components\\TopBar.jsx": {"lines":{"total":3,"covered":2,"skipped":0,"pct":66.66},"functions":{"total":2,"covered":1,"skipped":0,"pct":50},"statements":{"total":3,"covered":2,"skipped":0,"pct":66.66},"branches":{"total":0,"covered":0,"skipped":0,"pct":100}}
,"C:\\Users\\Michael\\Documents\\React.js\\NotesApp\\notes-app\\src\\components\\UpdateGraphicNote.jsx": {"lines":{"total":48,"covered":19,"skipped":0,"pct":39.58},"functions":{"total":10,"covered":3,"skipped":0,"pct":30},"statements":{"total":49,"covered":19,"skipped":0,"pct":38.77},"branches":{"total":4,"covered":0,"skipped":0,"pct":0}}
,"C:\\Users\\Michael\\Documents\\React.js\\NotesApp\\notes-app\\src\\components\\UpdateNote.jsx": {"lines":{"total":29,"covered":10,"skipped":0,"pct":34.48},"functions":{"total":6,"covered":3,"skipped":0,"pct":50},"statements":{"total":29,"covered":10,"skipped":0,"pct":34.48},"branches":{"total":2,"covered":0,"skipped":0,"pct":0}}
}
