TN:
SF:notes-app\src\App.jsx
FN:13,App
FNF:1
FNH:1
FNDA:56,App
DA:14,56
LF:1
LH:1
BRF:0
BRH:0
end_of_record
TN:
SF:notes-app\src\about-app.js
FNF:0
FNH:0
DA:1,28
LF:1
LH:1
BRF:0
BRH:0
end_of_record
TN:
SF:notes-app\src\main.jsx
FNF:0
FNH:0
DA:6,28
LF:1
LH:1
BRF:0
BRH:0
end_of_record
TN:
SF:notes-app\src\components\About.jsx
FN:7,About
FNF:1
FNH:1
FNDA:2,About
DA:8,2
LF:1
LH:1
BRF:0
BRH:0
end_of_record
TN:
SF:notes-app\src\components\CreateGraphicNote.jsx
FN:6,CreateGraphicNote
FN:12,(anonymous_1)
FN:24,startDrawing
FN:32,finishDrawing
FN:37,draw
FN:45,clear
FN:50,save
FN:81,(anonymous_7)
FNF:8
FNH:7
FNDA:18,CreateGraphicNote
FNDA:6,(anonymous_1)
FNDA:3,startDrawing
FNDA:3,finishDrawing
FNDA:3,draw
FNDA:1,clear
FNDA:1,save
FNDA:0,(anonymous_7)
DA:7,18
DA:8,18
DA:9,18
DA:10,18
DA:12,18
DA:13,6
DA:14,6
DA:15,6
DA:17,6
DA:18,6
DA:19,6
DA:20,6
DA:21,6
DA:25,3
DA:26,3
DA:27,3
DA:28,3
DA:29,3
DA:33,3
DA:34,3
DA:38,3
DA:39,3
DA:40,3
DA:41,3
DA:42,3
DA:46,1
DA:47,1
DA:51,1
DA:52,1
DA:53,1
DA:55,1
DA:56,1
DA:57,1
DA:66,1
DA:67,1
DA:69,0
DA:73,18
DA:82,0
LF:38
LH:36
BRDA:39,0,0,0
BRDA:39,0,1,3
BRF:2
BRH:1
end_of_record
TN:
SF:notes-app\src\components\CreateNote.jsx
FN:7,CreateNote
FN:11,handleSubmit
FN:47,(anonymous_2)
FN:60,(anonymous_3)
FN:77,(anonymous_4)
FNF:5
FNH:4
FNDA:182,CreateNote
FNDA:2,handleSubmit
FNDA:0,(anonymous_2)
FNDA:30,(anonymous_3)
FNDA:56,(anonymous_4)
DA:8,182
DA:9,182
DA:12,2
DA:14,2
DA:15,2
DA:16,2
DA:17,2
DA:26,2
DA:27,1
DA:30,1
DA:31,1
DA:32,1
DA:33,1
DA:35,1
DA:39,182
DA:48,0
DA:60,30
DA:77,56
LF:18
LH:17
BRDA:26,0,0,1
BRDA:26,0,1,1
BRF:2
BRH:2
end_of_record
TN:
SF:notes-app\src\components\Error.jsx
FN:2,Error
FNF:1
FNH:1
FNDA:2,Error
DA:3,2
LF:1
LH:1
BRF:0
BRH:0
end_of_record
TN:
SF:notes-app\src\components\Footer.jsx
FN:3,Footer
FNF:1
FNH:1
FNDA:20,Footer
DA:4,20
DA:26,28
LF:2
LH:2
BRF:0
BRH:0
end_of_record
TN:
SF:notes-app\src\components\Header.jsx
FN:3,Header
FNF:1
FNH:1
FNDA:20,Header
DA:4,20
DA:28,28
LF:2
LH:2
BRF:0
BRH:0
end_of_record
TN:
SF:notes-app\src\components\Login.jsx
FN:5,Login
FN:8,submitHandler
FNF:2
FNH:2
FNDA:10,Login
FNDA:2,submitHandler
DA:6,10
DA:9,2
DA:11,2
DA:12,2
DA:14,2
DA:15,2
DA:26,2
DA:27,1
DA:30,1
DA:31,1
DA:33,1
DA:35,1
DA:38,2
DA:41,10
LF:14
LH:14
BRDA:26,0,0,1
BRDA:26,0,1,1
BRDA:38,1,0,0
BRDA:38,1,1,2
BRDA:67,2,0,10
BRDA:67,2,1,2
BRF:6
BRH:5
end_of_record
TN:
SF:notes-app\src\components\MyNotes.jsx
FN:6,MyNotes
FN:11,(anonymous_1)
FN:12,fetchNotes
FN:35,search
FN:39,(anonymous_4)
FN:46,clear
FN:51,updateNote
FN:58,deleteNote
FN:98,(anonymous_8)
FN:139,(anonymous_9)
FN:145,(anonymous_10)
FNF:11
FNH:11
FNDA:120,MyNotes
FNDA:20,(anonymous_1)
FNDA:20,fetchNotes
FNDA:34,search
FNDA:68,(anonymous_4)
FNDA:1,clear
FNDA:2,updateNote
FNDA:1,deleteNote
FNDA:128,(anonymous_8)
FNDA:2,(anonymous_9)
FNDA:1,(anonymous_10)
DA:7,120
DA:8,120
DA:9,120
DA:11,120
DA:13,20
DA:14,20
DA:15,20
DA:23,16
DA:24,15
DA:25,15
DA:26,15
DA:28,0
DA:32,20
DA:36,34
DA:38,34
DA:40,68
DA:47,1
DA:48,1
DA:52,2
DA:55,2
DA:59,1
DA:61,1
DA:62,1
DA:70,1
DA:71,1
DA:73,0
DA:77,120
DA:99,128
DA:139,2
DA:145,1
LF:30
LH:28
BRDA:36,0,0,0
BRDA:36,0,1,34
BRDA:52,1,0,1
BRDA:52,1,1,1
BRDA:97,2,0,98
BRDA:97,2,1,22
BRDA:101,3,0,128
BRDA:101,3,1,128
BRDA:114,4,0,128
BRDA:114,4,1,30
BRDA:125,5,0,128
BRDA:125,5,1,98
BRDA:135,6,0,128
BRDA:135,6,1,128
BRF:14
BRH:13
end_of_record
TN:
SF:notes-app\src\components\Profile.jsx
FN:5,Profile
FN:8,(anonymous_1)
FN:10,fetchUser
FN:30,exit
FNF:4
FNH:3
FNDA:364,Profile
FNDA:40,(anonymous_1)
FNDA:40,fetchUser
FNDA:0,exit
DA:6,364
DA:8,364
DA:9,40
DA:11,40
DA:12,40
DA:20,32
DA:21,28
DA:23,0
DA:27,40
DA:31,0
DA:32,0
DA:35,364
DA:65,28
LF:13
LH:10
BRDA:39,0,0,0
BRDA:39,0,1,364
BRF:2
BRH:1
end_of_record
TN:
SF:notes-app\src\components\SideBar.jsx
FN:3,SideBar
FNF:1
FNH:1
FNDA:326,SideBar
DA:4,326
LF:1
LH:1
BRF:0
BRH:0
end_of_record
TN:
SF:notes-app\src\components\Signup.jsx
FN:5,Signup
FN:9,submitHandler
FNF:2
FNH:2
FNDA:10,Signup
FNDA:2,submitHandler
DA:6,10
DA:7,10
DA:10,2
DA:11,2
DA:13,2
DA:14,2
DA:15,2
DA:17,2
DA:18,2
DA:30,2
DA:31,1
DA:34,1
DA:35,1
DA:36,1
DA:37,1
DA:38,1
DA:40,1
DA:41,1
DA:44,2
DA:45,2
DA:48,10
LF:21
LH:21
BRDA:30,0,0,1
BRDA:30,0,1,1
BRDA:44,1,0,0
BRDA:44,1,1,2
BRDA:45,2,0,0
BRDA:45,2,1,2
BRDA:82,3,0,10
BRDA:82,3,1,2
BRF:8
BRH:6
end_of_record
TN:
SF:notes-app\src\components\TopBar.jsx
FN:5,TopBar
FN:8,overlay
FNF:2
FNH:1
FNDA:326,TopBar
FNDA:0,overlay
DA:6,326
DA:9,0
DA:12,326
LF:3
LH:2
BRF:0
BRH:0
end_of_record
TN:
SF:notes-app\src\components\UpdateGraphicNote.jsx
FN:6,UpdateGraphicNote
FN:15,(anonymous_1)
FN:25,fetchNote
FN:46,(anonymous_3)
FN:58,startDrawing
FN:65,finishDrawing
FN:70,draw
FN:77,clear
FN:82,save
FN:127,(anonymous_9)
FNF:10
FNH:3
FNDA:2,UpdateGraphicNote
FNDA:2,(anonymous_1)
FNDA:2,fetchNote
FNDA:0,(anonymous_3)
FNDA:0,startDrawing
FNDA:0,finishDrawing
FNDA:0,draw
FNDA:0,clear
FNDA:0,save
FNDA:0,(anonymous_9)
DA:7,2
DA:9,2
DA:10,2
DA:12,2
DA:13,2
DA:15,2
DA:16,2
DA:17,2
DA:18,2
DA:19,2
DA:20,2
DA:21,2
DA:22,2
DA:23,2
DA:26,2
DA:27,2
DA:29,2
DA:40,0
DA:41,0
DA:43,0
DA:44,0
DA:45,0
DA:46,0
DA:47,0
DA:51,0
DA:55,2
DA:59,0
DA:60,0
DA:61,0
DA:62,0
DA:66,0
DA:67,0
DA:71,0
DA:72,0
DA:73,0
DA:74,0
DA:78,0
DA:79,0
DA:83,0
DA:84,0
DA:86,0
DA:87,0
DA:88,0
DA:100,0
DA:101,0
DA:103,0
DA:107,2
DA:127,0
LF:48
LH:19
BRDA:43,0,0,0
BRDA:43,0,1,0
BRDA:71,1,0,0
BRDA:71,1,1,0
BRF:4
BRH:0
end_of_record
TN:
SF:notes-app\src\components\UpdateNote.jsx
FN:6,UpdateNote
FN:12,(anonymous_1)
FN:13,getNote
FN:41,handleSubmit
FN:91,(anonymous_4)
FN:108,(anonymous_5)
FNF:6
FNH:3
FNDA:2,UpdateNote
FNDA:2,(anonymous_1)
FNDA:2,getNote
FNDA:0,handleSubmit
FNDA:0,(anonymous_4)
FNDA:0,(anonymous_5)
DA:7,2
DA:8,2
DA:9,2
DA:10,2
DA:12,2
DA:14,2
DA:16,2
DA:17,2
DA:28,0
DA:29,0
DA:30,0
DA:31,0
DA:32,0
DA:34,0
DA:38,2
DA:42,0
DA:44,0
DA:45,0
DA:46,0
DA:58,0
DA:59,0
DA:62,0
DA:63,0
DA:64,0
DA:65,0
DA:67,0
DA:71,2
DA:91,0
DA:108,0
LF:29
LH:10
BRDA:58,0,0,0
BRDA:58,0,1,0
BRF:2
BRH:0
end_of_record
